<?xml version="1.0" encoding="UTF-8"?>
<!-- Generated by org.testng.reporters.JUnitReportReporter -->
<testsuite hostname="shengjc" name="sjc.main.ExecTest" tests="1" failures="0" timestamp="24 Feb 2017 02:17:29 GMT" time="3.060" errors="0">
  <testcase name="login" time="3.060" classname="sjc.main.ExecTest"/>
</testsuite> <!-- sjc.main.ExecTest -->
